Build started 15/03/2017 05:47:44 p.m..
     1>Project "C:\Users\poucel\Documents\GitHubEscuela\RegistroCoto\OCR_Demo_2\OCR_Demo_2\OCR_Demo_2.vcxproj" on node 2 (Rebuild target(s)).
     1>ClCompile:
         C:\Program Files (x86)\Microsoft Visual Studio 11.0\VC\bin\CL.exe /c /ZI /nologo /W3 /WX- /sdl /Od /Oy- /D _MBCS /Gm /EHsc /RTC1 /MDd /GS /fp:precise /Zc:wchar_t /Zc:forScope /Fo"Debug\\" /Fd"Debug\vc110.pdb" /Gd /TP /analyze- /errorReport:prompt ..\DetectChars.cpp ..\DetectPlates.cpp ..\Main.cpp ..\PossibleChar.cpp ..\PossiblePlate.cpp ..\Preprocess.cpp
         Preprocess.cpp
     1>c:\users\poucel\documents\githubescuela\registrocoto\ocr_demo_2\preprocess.h(6): fatal error C1083: Cannot open include file: 'opencv2/core/core.hpp': No such file or directory
         PossiblePlate.cpp
     1>c:\users\poucel\documents\githubescuela\registrocoto\ocr_demo_2\possibleplate.h(8): fatal error C1083: Cannot open include file: 'opencv2/core/core.hpp': No such file or directory
         PossibleChar.cpp
     1>c:\users\poucel\documents\githubescuela\registrocoto\ocr_demo_2\possiblechar.h(6): fatal error C1083: Cannot open include file: 'opencv2/core/core.hpp': No such file or directory
         Main.cpp
     1>c:\users\poucel\documents\githubescuela\registrocoto\ocr_demo_2\main.h(6): fatal error C1083: Cannot open include file: 'opencv2/core/core.hpp': No such file or directory
         DetectPlates.cpp
     1>c:\users\poucel\documents\githubescuela\registrocoto\ocr_demo_2\detectplates.h(6): fatal error C1083: Cannot open include file: 'opencv2/core/core.hpp': No such file or directory
         DetectChars.cpp
     1>c:\users\poucel\documents\githubescuela\registrocoto\ocr_demo_2\detectchars.h(6): fatal error C1083: Cannot open include file: 'opencv2/core/core.hpp': No such file or directory
         Generating Code...
     1>Done Building Project "C:\Users\poucel\Documents\GitHubEscuela\RegistroCoto\OCR_Demo_2\OCR_Demo_2\OCR_Demo_2.vcxproj" (Rebuild target(s)) -- FAILED.

Build FAILED.

Time Elapsed 00:00:00.51
